
**** Build of configuration Debug for project C_Polling_DIO ****

"D:\\TI\\CCS10\\ccs\\utils\\bin\\gmake" -k -j 4 all -O 
 
Building file: "../main.c"
Invoking: MSP430 Compiler
"D:/TI/CCS10/ccs/tools/compiler/ti-cgt-msp430_20.2.4.LTS/bin/cl430" -vmspx --data_model=restricted --use_hw_mpy=F5 --include_path="D:/TI/CCS10/ccs/ccs_base/msp430/include" --include_path="D:/MCU_Dev/TI_MCU/FR5994/C_Polling_DIO" --include_path="D:/TI/CCS10/ccs/tools/compiler/ti-cgt-msp430_20.2.4.LTS/include" --advice:power=all --advice:hw_config=all --define=__MSP430FR5994__ --define=_MPU_ENABLE -g --printf_support=minimal --diag_warning=225 --diag_wrap=off --display_error_number --silicon_errata=CPU21 --silicon_errata=CPU22 --silicon_errata=CPU40 --preproc_with_compile --preproc_dependency="main.d_raw"  "../main.c"
"../main.c", line 38: warning #112-D: statement is unreachable
Finished building: "../main.c"
 
Building target: "C_Polling_DIO.out"
Invoking: MSP430 Linker
"D:/TI/CCS10/ccs/tools/compiler/ti-cgt-msp430_20.2.4.LTS/bin/cl430" -vmspx --data_model=restricted --use_hw_mpy=F5 --advice:power=all --advice:hw_config=all --define=__MSP430FR5994__ --define=_MPU_ENABLE -g --printf_support=minimal --diag_warning=225 --diag_wrap=off --display_error_number --silicon_errata=CPU21 --silicon_errata=CPU22 --silicon_errata=CPU40 -z -m"C_Polling_DIO.map" --heap_size=160 --stack_size=160 --cinit_hold_wdt=on -i"D:/TI/CCS10/ccs/ccs_base/msp430/include" -i"D:/TI/CCS10/ccs/ccs_base/msp430/lib/5xx_6xx_FRxx" -i"D:/TI/CCS10/ccs/ccs_base/msp430/lib/FR59xx" -i"D:/TI/CCS10/ccs/tools/compiler/ti-cgt-msp430_20.2.4.LTS/lib" -i"D:/TI/CCS10/ccs/tools/compiler/ti-cgt-msp430_20.2.4.LTS/include" --priority --reread_libs --define=_MPU_ENABLE --diag_wrap=off --display_error_number --warn_sections --xml_link_info="C_Polling_DIO_linkInfo.xml" --use_hw_mpy=F5 --rom_model -o "C_Polling_DIO.out" "./main.obj" "../lnk_msp430fr5994.cmd"  -llibmpu_init.a -llibmath.a -llibc.a 
<Linking>
remark #10371-D: (ULP 1.1) Detected no uses of low power mode state changing instructions
remark #10372-D: (ULP 4.1) Detected uninitialized Port 2 in this project. Recommend initializing all unused ports to eliminate wasted current consumption on unused pins.
remark #10372-D: (ULP 4.1) Detected uninitialized Port 3 in this project. Recommend initializing all unused ports to eliminate wasted current consumption on unused pins.
remark #10372-D: (ULP 4.1) Detected uninitialized Port 4 in this project. Recommend initializing all unused ports to eliminate wasted current consumption on unused pins.
remark #10372-D: (ULP 4.1) Detected uninitialized Port 6 in this project. Recommend initializing all unused ports to eliminate wasted current consumption on unused pins.
remark #10372-D: (ULP 4.1) Detected uninitialized Port 7 in this project. Recommend initializing all unused ports to eliminate wasted current consumption on unused pins.
remark #10372-D: (ULP 4.1) Detected uninitialized Port 8 in this project. Recommend initializing all unused ports to eliminate wasted current consumption on unused pins.
remark #10372-D: (ULP 4.1) Detected uninitialized Port A in this project. Recommend initializing all unused ports to eliminate wasted current consumption on unused pins.
remark #10372-D: (ULP 4.1) Detected uninitialized Port B in this project. Recommend initializing all unused ports to eliminate wasted current consumption on unused pins.
remark #10372-D: (ULP 4.1) Detected uninitialized Port C in this project. Recommend initializing all unused ports to eliminate wasted current consumption on unused pins.
remark #10372-D: (ULP 4.1) Detected uninitialized Port D in this project. Recommend initializing all unused ports to eliminate wasted current consumption on unused pins.
remark #10436-D: (ULP 6.3) Detected use of a device with a Low Energy Accelerator (LEA) but application does not appear to use LEA. Recommend offloading vector math and signal processing to LEA for improved performance.
Finished building target: "C_Polling_DIO.out"
 

**** Build Finished ****
