
**** Clean-only build of configuration RAM for project Example_F2802xLEDBlink ****

"D:\\Softwares\\TI\\ccs\\utils\\bin\\gmake" -k clean 
 
DEL /F  "Example_F2802xLEDBlink.out" 
DEL /F "Example_2802xLEDBlink.obj" 
DEL /F "Example_2802xLEDBlink.d" 
Finished clean
 

**** Build Finished ****

**** Build of configuration RAM for project Example_F2802xLEDBlink ****

"D:\\Softwares\\TI\\ccs\\utils\\bin\\gmake" -k all 
 
Building file: "../Example_2802xLEDBlink.c"
Invoking: C2000 Compiler
"D:/Softwares/TI/ccs/tools/compiler/ti-cgt-c2000_20.2.5.LTS/bin/cl2000" -v28 -ml -mt --include_path="D:/Softwares/TI/ccs/tools/compiler/ti-cgt-c2000_20.2.5.LTS/include" --include_path="D:/Softwares/TI/C2000Ware_3_04_00_00_Software/device_support/f2802x/common/include" --include_path="D:/Softwares/TI/C2000Ware_3_04_00_00_Software/device_support/f2802x/headers/include" --include_path="D:/Softwares/TI/C2000Ware_3_04_00_00_Software/device_support/f2802x" --include_path="D:/Softwares/TI/C2000Ware_3_04_00_00_Software/libraries/math/IQmath/c28/include" --define=_DEBUG --define=LARGE_MODEL -g --diag_suppress=10063 --diag_warning=225 --verbose_diagnostics --quiet --preproc_with_compile --preproc_dependency="Example_2802xLEDBlink.d_raw"  "../Example_2802xLEDBlink.c"
Finished building: "../Example_2802xLEDBlink.c"
 
Building target: "Example_F2802xLEDBlink.out"
Invoking: C2000 Linker
"D:/Softwares/TI/ccs/tools/compiler/ti-cgt-c2000_20.2.5.LTS/bin/cl2000" -v28 -ml -mt --define=_DEBUG --define=LARGE_MODEL -g --diag_suppress=10063 --diag_warning=225 --verbose_diagnostics --quiet -z -m"Example_F2802xLEDBlink.map" --stack_size=0x200 --warn_sections -i"D:/Softwares/TI/ccs/tools/compiler/ti-cgt-c2000_20.2.5.LTS/lib" -i"D:/Softwares/TI/ccs/tools/compiler/ti-cgt-c2000_20.2.5.LTS/include" -i"D:/Projects/MCU_Dev/TI_MCU/F28027/Example_F2802xLEDBlink" -i"D:/Softwares/TI/C2000Ware_3_04_00_00_Software/device_support/f2802x/common/lib" -i"D:/Softwares/TI/C2000Ware_3_04_00_00_Software/libraries/math/IQmath/c28/lib" --reread_libs --issue_remarks --verbose_diagnostics --xml_link_info="Example_F2802xLEDBlink_linkInfo.xml" --entry_point=code_start --rom_model -o "Example_F2802xLEDBlink.out" "./Example_2802xLEDBlink.obj" "D:/Softwares/TI/C2000Ware_3_04_00_00_Software/device_support/f2802x/headers/cmd/F2802x_Headers_nonBIOS.cmd" "D:/Softwares/TI/C2000Ware_3_04_00_00_Software/device_support/f2802x/common/ccs/Debug/driverlib.lib"  -l"D:/Softwares/TI/C2000Ware_3_04_00_00_Software/device_support/f2802x/common/cmd/F2802x_generic_ram.cmd" -lrts2800_ml.lib -lIQmath.lib 
remark: linking in "IQmath_coff.lib" in place of index library "IQmath.lib"
Finished building target: "Example_F2802xLEDBlink.out"
 

**** Build Finished ****

**** Clean-only build of configuration RAM for project Example_F2802xAdc_TempSensorConv ****

"D:\\Softwares\\TI\\ccs\\utils\\bin\\gmake" -k clean 
 
DEL /F  "Example_F2802xAdc_TempSensorConv.out" 
DEL /F "Example_2802xAdc_TempSensorConv.obj" 
DEL /F "Example_2802xAdc_TempSensorConv.d" 
Finished clean
 

**** Build Finished ****

**** Build of configuration RAM for project Example_F2802xAdc_TempSensorConv ****

"D:\\Softwares\\TI\\ccs\\utils\\bin\\gmake" -k all 
 
Building file: "../Example_2802xAdc_TempSensorConv.c"
Invoking: C2000 Compiler
"D:/Softwares/TI/ccs/tools/compiler/ti-cgt-c2000_20.2.5.LTS/bin/cl2000" -v28 -ml -mt -O2 --include_path="D:/Softwares/TI/ccs/tools/compiler/ti-cgt-c2000_20.2.5.LTS/include" --include_path="D:/Softwares/TI/C2000Ware_3_04_00_00_Software/device_support/f2802x/common/include" --include_path="D:/Softwares/TI/C2000Ware_3_04_00_00_Software/device_support/f2802x/headers/include" --include_path="D:/Softwares/TI/C2000Ware_3_04_00_00_Software/device_support/f2802x" --include_path="D:/Softwares/TI/C2000Ware_3_04_00_00_Software/libraries/math/IQmath/c28/include" --define=_DEBUG --define=LARGE_MODEL -g --diag_suppress=10063 --diag_warning=225 --verbose_diagnostics --quiet --preproc_with_compile --preproc_dependency="Example_2802xAdc_TempSensorConv.d_raw"  "../Example_2802xAdc_TempSensorConv.c"
Finished building: "../Example_2802xAdc_TempSensorConv.c"
 
Building target: "Example_F2802xAdc_TempSensorConv.out"
Invoking: C2000 Linker
"D:/Softwares/TI/ccs/tools/compiler/ti-cgt-c2000_20.2.5.LTS/bin/cl2000" -v28 -ml -mt -O2 --define=_DEBUG --define=LARGE_MODEL -g --diag_suppress=10063 --diag_warning=225 --verbose_diagnostics --quiet -z -m"Example_F2802xAdc_TempSensorConv.map" --stack_size=0x200 --warn_sections -i"D:/Softwares/TI/ccs/tools/compiler/ti-cgt-c2000_20.2.5.LTS/lib" -i"D:/Softwares/TI/ccs/tools/compiler/ti-cgt-c2000_20.2.5.LTS/include" -i"D:/Projects/MCU_Dev/TI_MCU/F28027/Example_F2802xAdc_TempSensorConv" -i"D:/Softwares/TI/C2000Ware_3_04_00_00_Software/device_support/f2802x/common/lib" -i"D:/Softwares/TI/C2000Ware_3_04_00_00_Software/libraries/math/IQmath/c28/lib" --reread_libs --issue_remarks --verbose_diagnostics --xml_link_info="Example_F2802xAdc_TempSensorConv_linkInfo.xml" --entry_point=code_start --rom_model -o "Example_F2802xAdc_TempSensorConv.out" "./Example_2802xAdc_TempSensorConv.obj" "D:/Softwares/TI/C2000Ware_3_04_00_00_Software/device_support/f2802x/headers/cmd/F2802x_Headers_nonBIOS.cmd" "D:/Softwares/TI/C2000Ware_3_04_00_00_Software/device_support/f2802x/common/ccs/Debug/driverlib.lib"  -l"D:/Softwares/TI/C2000Ware_3_04_00_00_Software/device_support/f2802x/common/cmd/F2802x_generic_ram.cmd" -lrts2800_ml.lib -lIQmath.lib 
remark: linking in "IQmath_coff.lib" in place of index library "IQmath.lib"
Finished building target: "Example_F2802xAdc_TempSensorConv.out"
 

**** Build Finished ****

**** Build of configuration Debug for project Hello123 ****

"D:\\Softwares\\TI\\ccs\\utils\\bin\\gmake" -k -j 8 all -O 
 
Building file: "../hello.c"
Invoking: C2000 Compiler
"D:/Softwares/TI/ccs/tools/compiler/ti-cgt-c2000_20.2.5.LTS/bin/cl2000" -v28 -ml -mt --include_path="D:/Projects/MCU_Dev/TI_MCU/F28027/Hello123" --include_path="D:/Softwares/TI/ccs/tools/compiler/ti-cgt-c2000_20.2.5.LTS/include" -g --printf_support=minimal --diag_warning=225 --diag_wrap=off --display_error_number --abi=coffabi --preproc_with_compile --preproc_dependency="hello.d_raw"  "../hello.c"
Finished building: "../hello.c"
 
Building target: "Hello123.out"
Invoking: C2000 Linker
"D:/Softwares/TI/ccs/tools/compiler/ti-cgt-c2000_20.2.5.LTS/bin/cl2000" -v28 -ml -mt -g --printf_support=minimal --diag_warning=225 --diag_wrap=off --display_error_number --abi=coffabi -z -m"Hello123.map" --warn_sections -i"D:/Softwares/TI/ccs/tools/compiler/ti-cgt-c2000_20.2.5.LTS/lib" -i"D:/Softwares/TI/ccs/tools/compiler/ti-cgt-c2000_20.2.5.LTS/include" --reread_libs --diag_wrap=off --display_error_number --xml_link_info="Hello123_linkInfo.xml" --rom_model -o "Hello123.out" "./hello.obj"  -llibc.a 
<Linking>
warning #10247-D: creating output section ".text" without a SECTIONS specification
warning #10247-D: creating output section ".cinit" without a SECTIONS specification
warning #10247-D: creating output section ".esysmem" without a SECTIONS specification
warning #10247-D: creating output section ".econst" without a SECTIONS specification
warning #10247-D: creating output section ".reset" without a SECTIONS specification
warning #10247-D: creating output section ".ebss" without a SECTIONS specification
warning #10247-D: creating output section ".cio" without a SECTIONS specification
warning #10210-D: creating ".stack" section with default size of 0x400; use the -stack option to change the default size
warning #10210-D: creating ".esysmem" section with default size of 0x400; use the -heap option to change the default size
Finished building target: "Hello123.out"
 

**** Build Finished ****

**** Build of configuration RAM for project Example_F2802xLEDBlink ****

"D:\\Softwares\\TI\\ccs\\utils\\bin\\gmake" -k all 
 
gmake: Nothing to be done for 'all'.

**** Build Finished ****

**** Build of configuration Debug for project Blinky ****

"D:\\Softwares\\TI\\ccs\\utils\\bin\\gmake" -k -j 8 all -O 
 
Building file: "../main.c"
Invoking: C2000 Compiler
"D:/Softwares/TI/ccs/tools/compiler/ti-cgt-c2000_20.2.5.LTS/bin/cl2000" -v28 -ml -mt --include_path="D:/Projects/MCU_Dev/TI_MCU/F28027/Blinky" --include_path="D:/Softwares/TI/ccs/tools/compiler/ti-cgt-c2000_20.2.5.LTS/include" --include_path="D:/Softwares/TI/controlSUITE/development_kits/C2000_LaunchPad" -g --diag_warning=225 --diag_wrap=off --display_error_number --abi=coffabi --preproc_with_compile --preproc_dependency="main.d_raw"  "../main.c"
Finished building: "../main.c"
 
Building target: "Blinky.out"
Invoking: C2000 Linker
"D:/Softwares/TI/ccs/tools/compiler/ti-cgt-c2000_20.2.5.LTS/bin/cl2000" -v28 -ml -mt -g --diag_warning=225 --diag_wrap=off --display_error_number --abi=coffabi -z -m"Blinky.map" --warn_sections -i"D:/Softwares/TI/ccs/tools/compiler/ti-cgt-c2000_20.2.5.LTS/lib" -i"D:/Softwares/TI/controlSUITE/development_kits/C2000_LaunchPad/f2802x_common/lib/driverlib.lib" -i"D:/Softwares/TI/ccs/tools/compiler/ti-cgt-c2000_20.2.5.LTS/include" --reread_libs --diag_wrap=off --display_error_number --xml_link_info="Blinky_linkInfo.xml" --rom_model -o "Blinky.out" "./main.obj"  -llibc.a 
<Linking>
warning #10247-D: creating output section ".text" without a SECTIONS specification
warning #10247-D: creating output section ".cinit" without a SECTIONS specification
warning #10247-D: creating output section ".reset" without a SECTIONS specification
warning #10247-D: creating output section ".ebss" without a SECTIONS specification
warning #10210-D: creating ".stack" section with default size of 0x400; use the -stack option to change the default size
Finished building target: "Blinky.out"
 

**** Build Finished ****

**** Build of configuration Debug for project Blinky ****

"D:\\Softwares\\TI\\ccs\\utils\\bin\\gmake" -k -j 8 all -O 
 
Building file: "../main.c"
Invoking: C2000 Compiler
"D:/Softwares/TI/ccs/tools/compiler/ti-cgt-c2000_20.2.5.LTS/bin/cl2000" -v28 -ml -mt --include_path="D:/Projects/MCU_Dev/TI_MCU/F28027/Blinky" --include_path="D:/Softwares/TI/ccs/tools/compiler/ti-cgt-c2000_20.2.5.LTS/include" --include_path="D:/Softwares/TI/controlSUITE/development_kits/C2000_LaunchPad" -g --diag_warning=225 --diag_wrap=off --display_error_number --abi=coffabi --preproc_with_compile --preproc_dependency="main.d_raw"  "../main.c"
 
>> Compilation failure
subdir_rules.mk:9: recipe for target 'main.obj' failed
"../main.c", line 1: fatal error #13: expected a file name
1 catastrophic error detected in the compilation of "../main.c".
Compilation terminated.
gmake: *** [main.obj] Error 1
gmake: Target 'all' not remade because of errors.

**** Build Finished ****

**** Build of configuration Debug for project Blinky ****

"D:\\Softwares\\TI\\ccs\\utils\\bin\\gmake" -k -j 8 all -O 
 
Building file: "../main.c"
Invoking: C2000 Compiler
"D:/Softwares/TI/ccs/tools/compiler/ti-cgt-c2000_20.2.5.LTS/bin/cl2000" -v28 -ml -mt --include_path="D:/Projects/MCU_Dev/TI_MCU/F28027/Blinky" --include_path="D:/Softwares/TI/ccs/tools/compiler/ti-cgt-c2000_20.2.5.LTS/include" --include_path="D:/Softwares/TI/controlSUITE/development_kits/C2000_LaunchPad" -g --diag_warning=225 --diag_wrap=off --display_error_number --abi=coffabi --preproc_with_compile --preproc_dependency="main.d_raw"  "../main.c"
 
>> Compilation failure
subdir_rules.mk:9: recipe for target 'main.obj' failed
"../main.c", line 2: fatal error #13: expected a file name
1 catastrophic error detected in the compilation of "../main.c".
Compilation terminated.
gmake: *** [main.obj] Error 1
gmake: Target 'all' not remade because of errors.

**** Build Finished ****

**** Build of configuration Debug for project Blinky ****

"D:\\Softwares\\TI\\ccs\\utils\\bin\\gmake" -k -j 8 all -O 
 
Building file: "../main.c"
Invoking: C2000 Compiler
"D:/Softwares/TI/ccs/tools/compiler/ti-cgt-c2000_20.2.5.LTS/bin/cl2000" -v28 -ml -mt --include_path="D:/Projects/MCU_Dev/TI_MCU/F28027/Blinky" --include_path="D:/Softwares/TI/ccs/tools/compiler/ti-cgt-c2000_20.2.5.LTS/include" --include_path="D:/Softwares/TI/controlSUITE/development_kits/C2000_LaunchPad" -g --diag_warning=225 --diag_wrap=off --display_error_number --abi=coffabi --preproc_with_compile --preproc_dependency="main.d_raw"  "../main.c"
 
>> Compilation failure
subdir_rules.mk:9: recipe for target 'main.obj' failed
"../main.c", line 1: fatal error #13: expected a file name
1 catastrophic error detected in the compilation of "../main.c".
Compilation terminated.
gmake: *** [main.obj] Error 1
gmake: Target 'all' not remade because of errors.

**** Build Finished ****

**** Build of configuration Debug for project Blinky ****

"D:\\Softwares\\TI\\ccs\\utils\\bin\\gmake" -k -j 8 all -O 
 
Building file: "../main.c"
Invoking: C2000 Compiler
"D:/Softwares/TI/ccs/tools/compiler/ti-cgt-c2000_20.2.5.LTS/bin/cl2000" -v28 -ml -mt --include_path="D:/Projects/MCU_Dev/TI_MCU/F28027/Blinky" --include_path="D:/Softwares/TI/ccs/tools/compiler/ti-cgt-c2000_20.2.5.LTS/include" --include_path="D:/Softwares/TI/controlSUITE/development_kits/C2000_LaunchPad" -g --diag_warning=225 --diag_wrap=off --display_error_number --abi=coffabi --preproc_with_compile --preproc_dependency="main.d_raw"  "../main.c"
 
>> Compilation failure
subdir_rules.mk:9: recipe for target 'main.obj' failed
"../main.c", line 1: fatal error #13: expected a file name
1 catastrophic error detected in the compilation of "../main.c".
Compilation terminated.
gmake: *** [main.obj] Error 1
gmake: Target 'all' not remade because of errors.

**** Build Finished ****

**** Build of configuration RAM for project Example_F2802xLEDBlink ****

"D:\\Softwares\\TI\\ccs\\utils\\bin\\gmake" -k all 
 
Building target: "Example_F2802xLEDBlink.out"
Invoking: C2000 Linker
"D:/Softwares/TI/ccs/tools/compiler/ti-cgt-c2000_20.2.5.LTS/bin/cl2000" -v28 -ml -mt --define=_DEBUG --define=LARGE_MODEL -g --diag_suppress=10063 --diag_warning=225 --verbose_diagnostics --quiet -z -m"Example_F2802xLEDBlink.map" --stack_size=0x200 --warn_sections -i"D:/Softwares/TI/ccs/tools/compiler/ti-cgt-c2000_20.2.5.LTS/lib" -i"D:/Softwares/TI/ccs/tools/compiler/ti-cgt-c2000_20.2.5.LTS/include" -i"D:/Projects/MCU_Dev/TI_MCU/F28027/Example_F2802xLEDBlink" -i"D:/Softwares/TI/C2000Ware_3_04_00_00_Software/device_support/f2802x/common/lib" -i"D:/Softwares/TI/C2000Ware_3_04_00_00_Software/libraries/math/IQmath/c28/lib" --reread_libs --issue_remarks --verbose_diagnostics --xml_link_info="Example_F2802xLEDBlink_linkInfo.xml" --entry_point=code_start --rom_model -o "Example_F2802xLEDBlink.out" "./Example_2802xLEDBlink.obj" "D:/Softwares/TI/C2000Ware_3_04_00_00_Software/device_support/f2802x/headers/cmd/F2802x_Headers_nonBIOS.cmd" "D:/Softwares/TI/C2000Ware_3_04_00_00_Software/device_support/f2802x/common/ccs/Debug/driverlib.lib"  -l"D:/Softwares/TI/C2000Ware_3_04_00_00_Software/device_support/f2802x/common/cmd/F2802x_generic_ram.cmd" -lrts2800_ml.lib -lIQmath.lib 
remark: linking in "IQmath_coff.lib" in place of index library "IQmath.lib"
Finished building target: "Example_F2802xLEDBlink.out"
 

**** Build Finished ****

**** Clean-only build of configuration RAM for project Example_F2802xLEDBlink_editz ****

"D:\\Softwares\\TI\\ccs\\utils\\bin\\gmake" -k clean 
 
DEL /F  "Example_F2802xLEDBlink.out" 
DEL /F "Example_2802xLEDBlink.obj" 
DEL /F "Example_2802xLEDBlink.d" 
Finished clean
 

**** Build Finished ****

**** Build of configuration RAM for project Example_F2802xLEDBlink_editz ****

"D:\\Softwares\\TI\\ccs\\utils\\bin\\gmake" -k all 
 
Building file: "../2802xLEDBlink_edit.c"
Invoking: C2000 Compiler
"D:/Softwares/TI/ccs/tools/compiler/ti-cgt-c2000_20.2.5.LTS/bin/cl2000" -v28 -ml -mt --include_path="D:/Softwares/TI/ccs/tools/compiler/ti-cgt-c2000_20.2.5.LTS/include" --include_path="D:/Softwares/TI/C2000Ware_3_04_00_00_Software/device_support/f2802x/common/include" --include_path="D:/Softwares/TI/C2000Ware_3_04_00_00_Software/device_support/f2802x/headers/include" --include_path="D:/Softwares/TI/C2000Ware_3_04_00_00_Software/device_support/f2802x" --include_path="D:/Softwares/TI/C2000Ware_3_04_00_00_Software/libraries/math/IQmath/c28/include" --define=_DEBUG --define=LARGE_MODEL -g --diag_suppress=10063 --diag_warning=225 --verbose_diagnostics --quiet --preproc_with_compile --preproc_dependency="2802xLEDBlink_edit.d_raw"  "../2802xLEDBlink_edit.c"
Finished building: "../2802xLEDBlink_edit.c"
 
Building target: "Example_F2802xLEDBlink.out"
Invoking: C2000 Linker
"D:/Softwares/TI/ccs/tools/compiler/ti-cgt-c2000_20.2.5.LTS/bin/cl2000" -v28 -ml -mt --define=_DEBUG --define=LARGE_MODEL -g --diag_suppress=10063 --diag_warning=225 --verbose_diagnostics --quiet -z -m"Example_F2802xLEDBlink.map" --stack_size=0x200 --warn_sections -i"D:/Softwares/TI/ccs/tools/compiler/ti-cgt-c2000_20.2.5.LTS/lib" -i"D:/Softwares/TI/ccs/tools/compiler/ti-cgt-c2000_20.2.5.LTS/include" -i"D:/Projects/MCU_Dev/TI_MCU/F28027/Example_F2802xLEDBlink_editz" -i"D:/Softwares/TI/C2000Ware_3_04_00_00_Software/device_support/f2802x/common/lib" -i"D:/Softwares/TI/C2000Ware_3_04_00_00_Software/libraries/math/IQmath/c28/lib" --reread_libs --issue_remarks --verbose_diagnostics --xml_link_info="Example_F2802xLEDBlink_linkInfo.xml" --entry_point=code_start --rom_model -o "Example_F2802xLEDBlink.out" "./2802xLEDBlink_edit.obj" "D:/Softwares/TI/C2000Ware_3_04_00_00_Software/device_support/f2802x/headers/cmd/F2802x_Headers_nonBIOS.cmd" "D:/Softwares/TI/C2000Ware_3_04_00_00_Software/device_support/f2802x/common/ccs/Debug/driverlib.lib"  -l"D:/Softwares/TI/C2000Ware_3_04_00_00_Software/device_support/f2802x/common/cmd/F2802x_generic_ram.cmd" -lrts2800_ml.lib -lIQmath.lib 
remark: linking in "IQmath_coff.lib" in place of index library "IQmath.lib"
Finished building target: "Example_F2802xLEDBlink.out"
 

**** Build Finished ****
